<?xml version="1.0" encoding="UTF-8"?>
<!-- Generated by org.testng.reporters.JUnitXMLReporter -->
<testsuite ignored="0" hostname="DESKTOP-I3R9PLS" failures="0" tests="3" name="Parrallel Test" time="30.259" errors="0" timestamp="2023-01-19T13:18:32 IST">
  <testcase classname="testngDemo.DataProvider" name="facbooktest" time="18.662"/>
  <testcase classname="testngDemo.DataProvider" name="facbooktest" time="5.446"/>
  <testcase classname="testngDemo.DataProvider" name="facbooktest" time="6.044"/>
</testsuite> <!-- Parrallel Test -->
