<?xml version="1.0" encoding="UTF-8"?>
<!-- Generated by org.testng.reporters.JUnitXMLReporter -->
<testsuite ignored="0" hostname="DESKTOP-I3R9PLS" failures="0" tests="4" name="Reporting Test" time="0.044" errors="0" timestamp="2023-02-17T21:39:33 IST">
  <testcase classname="reporters.Demo" name="test1" time="0.008"/>
  <testcase classname="reporters.Demo" name="test2" time="0.002"/>
  <testcase classname="reporters.Demo" name="test3" time="0.001"/>
  <testcase classname="reporters.Demo" name="test4" time="0.001"/>
</testsuite> <!-- Reporting Test -->
